Wed 24 Apr 2024 12:48:51 AM UTC: 
 tests:  0|6
total_score: 0/70
9584a09
Wed 24 Apr 2024 01:03:25 AM UTC: 
 hashmap.c | 8 ++++++--
 1 file changed, 6 insertions(+), 2 deletions(-)
 tests:  1|5
total_score: 10/70
3d71d6c
Wed 24 Apr 2024 01:39:27 AM UTC: 
 hashmap.c | 25 +++++++++++++++++++++++--
 1 file changed, 23 insertions(+), 2 deletions(-)
In file included from test.c:4:
hashmap.c: In function ‘insertMap’:
hashmap.c:46:18: error: ‘HashMap’ {aka ‘struct HashMap’} has no member named ‘Pair’
   46 |     if(strcmp(map-> Pair[posicion]-> key, key)==0){
      |                  ^~
hashmap.c:49:16: error: ‘HashMap’ {aka ‘struct HashMap’} has no member named ‘Pair’
   49 |     else if(map->Pair[posicion]==NULL)){
      |                ^~
hashmap.c:49:39: error: expected statement before ‘)’ token
   49 |     else if(map->Pair[posicion]==NULL)){
      |                                       ^
hashmap.c:49:5: error: this ‘else’ clause does not guard... [-Werror=misleading-indentation]
   49 |     else if(map->Pair[posicion]==NULL)){
      |     ^~~~
hashmap.c:49:40: note: ...this statement, but the latter is misleadingly indented as if it were guarded by the ‘else’
   49 |     else if(map->Pair[posicion]==NULL)){
      |                                        ^
hashmap.c:50:12: error: ‘HashMap’ {aka ‘struct HashMap’} has no member named ‘Pair’
   50 |         map->Pair[posicion]=createPair(key,value);
      |            ^~
hashmap.c:55:5: error: ‘else’ without a previous ‘if’
   55 |     else{
      |     ^~~~
hashmap.c:56:18: error: ‘HashMap’ {aka ‘struct HashMap’} has no member named ‘Pair’
   56 |         while(map->Pair[posicion]!=NULL){
      |                  ^~
hashmap.c:58:19: error: ‘HashMap’ {aka ‘struct HashMap’} has no member named ‘Pair’
   58 |             if(map->Pair[posicion] ==NULL){
      |                   ^~
hashmap.c:59:20: error: ‘HashMap’ {aka ‘struct HashMap’} has no member named ‘Pair’
   59 |                 map->Pair[posicion]=createPair(key,value);
      |                    ^~
cc1: all warnings being treated as errors
Compilation failed
d1bb78e
Wed 24 Apr 2024 01:41:33 AM UTC: 
 hashmap.c | 12 ++++++------
 1 file changed, 6 insertions(+), 6 deletions(-)
In file included from test.c:4:
hashmap.c: In function ‘insertMap’:
hashmap.c:49:42: error: expected statement before ‘)’ token
   49 |     else if(map->buckets[posicion]==NULL)){
      |                                          ^
hashmap.c:49:5: error: this ‘else’ clause does not guard... [-Werror=misleading-indentation]
   49 |     else if(map->buckets[posicion]==NULL)){
      |     ^~~~
hashmap.c:49:43: note: ...this statement, but the latter is misleadingly indented as if it were guarded by the ‘else’
   49 |     else if(map->buckets[posicion]==NULL)){
      |                                           ^
hashmap.c:55:5: error: ‘else’ without a previous ‘if’
   55 |     else{
      |     ^~~~
cc1: all warnings being treated as errors
Compilation failed
3a8afa7
Wed 24 Apr 2024 01:41:50 AM UTC: 
 hashmap.c | 2 +-
 1 file changed, 1 insertion(+), 1 deletion(-)
 tests:  0|0
6d4e4de
Wed 24 Apr 2024 01:43:42 AM UTC: 
 hashmap.c | 1 -
 1 file changed, 1 deletion(-)
 tests:  0|0
5d68665
Wed 24 Apr 2024 01:44:40 AM UTC: 
 hashmap.c | 2 +-
 1 file changed, 1 insertion(+), 1 deletion(-)
 tests:  0|0
9a709b4
Wed 24 Apr 2024 01:45:40 AM UTC: 
 hashmap.c | 5 ++---
 1 file changed, 2 insertions(+), 3 deletions(-)
 tests:  0|0
161553a
Wed 24 Apr 2024 01:52:09 AM UTC: 
 hashmap.c | 6 +++---
 1 file changed, 3 insertions(+), 3 deletions(-)
 tests:  0|0
4c374c3
Wed 24 Apr 2024 01:54:42 AM UTC: 
 hashmap.c | 1 -
 1 file changed, 1 deletion(-)
 tests:  0|0
9244f20
Wed 24 Apr 2024 01:57:43 AM UTC: 
 hashmap.c | 2 +-
 1 file changed, 1 insertion(+), 1 deletion(-)
 tests:  0|0
72daa67
Wed 24 Apr 2024 01:58:00 AM UTC: 
 hashmap.c | 2 +-
 1 file changed, 1 insertion(+), 1 deletion(-)
In file included from test.c:4:
hashmap.c: In function ‘insertMap’:
hashmap.c:53:37: error: expected ‘)’ before ‘{’ token
   53 |         while(map->buckets[posicion]{
      |              ~                      ^
      |                                     )
hashmap.c:62:5: error: expected expression before ‘}’ token
   62 |     }
      |     ^
Compilation failed
27a5c40
Wed 24 Apr 2024 01:58:07 AM UTC: 
 hashmap.c | 2 +-
 1 file changed, 1 insertion(+), 1 deletion(-)
 tests:  0|0
68b1e16
Wed 24 Apr 2024 01:58:29 AM UTC: 
 hashmap.c | 2 +-
 1 file changed, 1 insertion(+), 1 deletion(-)
 tests:  4|5
total_score: 20/70
047ccb1
Wed 24 Apr 2024 02:03:25 AM UTC: 
 hashmap.c | 9 +++++++--
 1 file changed, 7 insertions(+), 2 deletions(-)
 tests:  5|4
total_score: 30/70
a62aa0c
Wed 24 Apr 2024 02:03:49 AM UTC: 
 hashmap.c | 3 +--
 1 file changed, 1 insertion(+), 2 deletions(-)
 tests:  5|4
total_score: 30/70
302f89b
Wed 24 Apr 2024 02:10:55 AM UTC: 
 hashmap.c | 20 ++++++++++++++++++--
 1 file changed, 18 insertions(+), 2 deletions(-)
 tests:  0|0
c465a9e
Wed 24 Apr 2024 02:11:19 AM UTC: 
 hashmap.c | 2 +-
 1 file changed, 1 insertion(+), 1 deletion(-)
 tests:  8|3
total_score: 40/70
8fd58d0
Wed 24 Apr 2024 02:15:20 AM UTC: 
 hashmap.c | 20 ++++++++++++++++++++
 1 file changed, 20 insertions(+)
 tests:  11|2
total_score: 50/70
f296ded
Wed 24 Apr 2024 02:17:27 AM UTC: 
 hashmap.c | 8 +++++++-
 1 file changed, 7 insertions(+), 1 deletion(-)
 tests:  12|2
total_score: 50/70
748de4d
Wed 24 Apr 2024 02:19:16 AM UTC: 
 hashmap.c | 9 ++++++++-
 1 file changed, 8 insertions(+), 1 deletion(-)
 tests:  12|2
total_score: 50/70
e261b07
